Using pre-set license
Built from '2020.3/staging' branch; Version is '2020.3.13f1 (71691879b7f5) revision 7432472'; Using compiler version '192528614'; Build Type 'Release'
OS: 'Windows 10 Home Single Language; OS build 19042.1165; Version 2009; 64bit' Language: 'en' Physical Memory: 8077 MB
BatchMode: 1, IsHumanControllingUs: 0, StartBugReporterOnCrash: 0, Is64bit: 1, IsPro: 0

 COMMAND LINE ARGUMENTS:
C:\Program Files\Unity\Hub\Editor\2020.3.13f1\Editor\Unity.exe
-adb2
-batchMode
-noUpm
-name
AssetImportWorker2
-projectPath
C:/Users/NeeN/GitRepos/ThesisTry
-logFile
Logs/AssetImportWorker2.log
-srvPort
62004
Successfully changed project path to: C:/Users/NeeN/GitRepos/ThesisTry
C:/Users/NeeN/GitRepos/ThesisTry
Using Asset Import Pipeline V2.
Refreshing native plugins compatible for Editor in 80.22 ms, found 3 plugins.
Preloading 0 native plugins for Editor in 0.00 ms.
Initialize engine version: 2020.3.13f1 (71691879b7f5)
[Subsystems] Discovering subsystems at path C:/Program Files/Unity/Hub/Editor/2020.3.13f1/Editor/Data/Resources/UnitySubsystems
[Subsystems] Discovering subsystems at path C:/Users/NeeN/GitRepos/ThesisTry/Assets
GfxDevice: creating device client; threaded=0
Direct3D:
    Version:  Direct3D 11.0 [level 11.0]
    Renderer: NVIDIA GeForce 940MX (ID=0x134d)
    Vendor:   
    VRAM:     2010 MB
    Driver:   27.21.14.6109
Initialize mono
Mono path[0] = 'C:/Program Files/Unity/Hub/Editor/2020.3.13f1/Editor/Data/Managed'
Mono path[1] = 'C:/Program Files/Unity/Hub/Editor/2020.3.13f1/Editor/Data/MonoBleedingEdge/lib/mono/unityjit'
Mono config path = 'C:/Program Files/Unity/Hub/Editor/2020.3.13f1/Editor/Data/MonoBleedingEdge/etc'
Using monoOptions --debugger-agent=transport=dt_socket,embedding=1,server=y,suspend=n,address=127.0.0.1:56200
Begin MonoManager ReloadAssembly
Registering precompiled unity dll's ...
Register platform support module: C:/Program Files/Unity/Hub/Editor/2020.3.13f1/Editor/Data/PlaybackEngines/WebGLSupport/UnityEditor.WebGL.Extensions.dll
Register platform support module: C:/Program Files/Unity/Hub/Editor/2020.3.13f1/Editor/Data/PlaybackEngines/WindowsStandaloneSupport/UnityEditor.WindowsStandalone.Extensions.dll
Registered in 0.002847 seconds.
Native extension for WindowsStandalone target not found
Native extension for WebGL target not found
Refreshing native plugins compatible for Editor in 74.24 ms, found 3 plugins.
Preloading 0 native plugins for Editor in 0.00 ms.
Mono: successfully reloaded assembly
- Completed reload, in  7.739 seconds
Platform modules already initialized, skipping
Registering precompiled user dll's ...
Registered in 0.009662 seconds.
Begin MonoManager ReloadAssembly
Native extension for WindowsStandalone target not found
Native extension for WebGL target not found
Refreshing native plugins compatible for Editor in 70.40 ms, found 3 plugins.
Preloading 0 native plugins for Editor in 0.00 ms.
Find all reader and writers took 133 milliseconds
Script Module: UnityEngine.UI.dll
Weave behaviours and messages took 86 milliseconds
Find all reader and writers took 108 milliseconds
Script Module: UnityEngine.TestRunner.dll
Weave behaviours and messages took 27 milliseconds
Find all reader and writers took 109 milliseconds
Script Module: Unity.Mathematics.dll
Weave behaviours and messages took 201 milliseconds
Find all reader and writers took 99 milliseconds
Script Module: SimpleWebTransport.dll
Weave behaviours and messages took 6 milliseconds
Find all reader and writers took 113 milliseconds
Script Module: PhotonUnityNetworking.Demos.dll
Weave behaviours and messages took 40 milliseconds
Find all reader and writers took 103 milliseconds
Script Module: Unity.2D.Animation.Runtime.dll
Weave behaviours and messages took 6 milliseconds
Find all reader and writers took 127 milliseconds
Script Module: Unity.TextMeshPro.dll
Weave behaviours and messages took 84 milliseconds
Find all reader and writers took 100 milliseconds
Script Module: Cinemachine.dll
Weave behaviours and messages took 48 milliseconds
Find all reader and writers took 106 milliseconds
Script Module: Unity.Timeline.dll
Weave behaviours and messages took 26 milliseconds
Find all reader and writers took 108 milliseconds
Script Module: Unity.Notifications.Android.dll
Weave behaviours and messages took 3 milliseconds
Find all reader and writers took 128 milliseconds
Script Module: PhotonRealtime.dll
Weave behaviours and messages took 19 milliseconds
Find all reader and writers took 105 milliseconds
Script Module: Telepathy.dll
Weave behaviours and messages took 4 milliseconds
Find all reader and writers took 107 milliseconds
Script Module: Unity.2D.SpriteShape.Runtime.dll
Weave behaviours and messages took 27 milliseconds
Find all reader and writers took 110 milliseconds
Script Module: PhotonUnityNetworking.dll
Weave behaviours and messages took 20 milliseconds
Find all reader and writers took 128 milliseconds
Script Module: PhotonUnityNetworking.Utilities.dll
Weave behaviours and messages took 19 milliseconds
Find all reader and writers took 106 milliseconds
Script Module: Unity.2D.Animation.Triangle.Runtime.dll
Weave behaviours and messages took 39 milliseconds
Find all reader and writers took 137 milliseconds
Script Module: Assembly-CSharp-firstpass.dll
Weave behaviours and messages took 6 milliseconds
Find all reader and writers took 106 milliseconds
Script Module: Unity.Notifications.iOS.dll
Weave behaviours and messages took 5 milliseconds
Find all reader and writers took 109 milliseconds
Script Module: Unity.2D.PixelPerfect.dll
Weave behaviours and messages took 1 milliseconds
Find all reader and writers took 110 milliseconds
Script Module: Unity.2D.IK.Runtime.dll
Weave behaviours and messages took 3 milliseconds
Find all reader and writers took 106 milliseconds
Script Module: PhotonChat.dll
Weave behaviours and messages took 4 milliseconds
Find all reader and writers took 108 milliseconds
Script Module: kcp2k.dll
Weave behaviours and messages took 4 milliseconds
Find all reader and writers took 105 milliseconds
Script Module: where-allocations.dll
Weave behaviours and messages took 0 milliseconds
Find all reader and writers took 103 milliseconds
Script Module: Unity.2D.Common.Runtime.dll
Weave behaviours and messages took 0 milliseconds
Find all reader and writers took 106 milliseconds
Script Module: Unity.InternalAPIEngineBridge.001.dll
Weave behaviours and messages took 0 milliseconds
Find all reader and writers took 137 milliseconds
Script Module: com.unity.cinemachine.editor.dll
Weave behaviours and messages took 40 milliseconds
Find all reader and writers took 136 milliseconds
Script Module: UnityEditor.TestRunner.dll
Weave behaviours and messages took 42 milliseconds
Find all reader and writers took 131 milliseconds
Script Module: ParrelSync.dll
Weave behaviours and messages took 3 milliseconds
Find all reader and writers took 109 milliseconds
Script Module: PsdPlugin.dll
Weave behaviours and messages took 16 milliseconds
Find all reader and writers took 131 milliseconds
Script Module: Unity.Notifications.dll
Weave behaviours and messages took 2 milliseconds
Find all reader and writers took 110 milliseconds
Script Module: Mirror.CompilerSymbols.dll
Weave behaviours and messages took 0 milliseconds
Find all reader and writers took 135 milliseconds
Script Module: UnityEditor.UI.dll
Weave behaviours and messages took 12 milliseconds
Find all reader and writers took 129 milliseconds
Script Module: PunDemos.DemoSlotcarEditor.dll
Weave behaviours and messages took 0 milliseconds
Find all reader and writers took 115 milliseconds
Script Module: PunDemos.DemoHubEditor.dll
Weave behaviours and messages took 0 milliseconds
Find all reader and writers took 133 milliseconds
Script Module: Unity.InternalAPIEditorBridge.001.dll
Weave behaviours and messages took 1 milliseconds
Mono: successfully reloaded assembly
- Completed reload, in 13.364 seconds
Platform modules already initialized, skipping
========================================================================
Worker process is ready to serve import requests
Launched and connected shader compiler UnityShaderCompiler.exe after 0.99 seconds
Refreshing native plugins compatible for Editor in 0.98 ms, found 3 plugins.
Preloading 0 native plugins for Editor in 0.00 ms.
Unloading 2858 Unused Serialized files (Serialized files now loaded: 0)
System memory in use before: 118.9 MB.
System memory in use after: 119.1 MB.

Unloading 53 unused Assets to reduce memory usage. Loaded Objects now: 3273.
Total: 668.824000 ms (FindLiveObjects: 0.288900 ms CreateObjectMapping: 0.162900 ms MarkObjects: 668.288100 ms  DeleteObjects: 0.082300 ms)

AssetImportParameters requested are different than current active one (requested -> active):
  custom:framework-win-MediaFoundation: 216162199b28c13a410421893ffa2e32 -> 
  custom:video-decoder-ogg-theora: a1e56fd34408186e4bbccfd4996cb3dc -> 
  custom:container-muxer-webm: aa71ff27fc2769a1b78a27578f13a17b -> 
  custom:container-demuxer-webm: 4f35f7cbe854078d1ac9338744f61a02 -> 
  custom:container-demuxer-ogg: 62fdf1f143b41e24485cea50d1cbac27 -> 
  custom:video-encoder-webm-vp8: eb34c28f22e8b96e1ab97ce403110664 -> 
  custom:video-decoder-webm-vp8: 9c59270c3fd7afecdb556c50c9e8de78 -> 
  custom:audio-decoder-ogg-vorbis: bf7c407c2cedff20999df2af8eb42d56 -> 
  custom:audio-encoder-webm-vorbis: bf7c407c2cedff20999df2af8eb42d56 -> 
========================================================================
Received Import Request.
  path: Assets/BasicWeapon.asset
  artifactKey: Guid(4814890088232a84eb01594cda0de8bb) Importer(815301076,1909f56bfc062723c751e8b465ee728b)
Start importing Assets/BasicWeapon.asset using Guid(4814890088232a84eb01594cda0de8bb) Importer(815301076,1909f56bfc062723c751e8b465ee728b)  -> (artifact id: '6e7a2be09ca85bec12687590c235de7e') in 1.391388 seconds 
  Import took 1.397674 seconds .

========================================================================
Received Import Request.
  Time since last request: 0.000221 seconds.
  path: Assets/RIGHT.jpg
  artifactKey: Guid(881983125db2c6f4bb6f2dcf3e11b8a7) Importer(815301076,1909f56bfc062723c751e8b465ee728b)
Start importing Assets/RIGHT.jpg using Guid(881983125db2c6f4bb6f2dcf3e11b8a7) Importer(815301076,1909f56bfc062723c751e8b465ee728b)  -> (artifact id: 'd79abed4f1d8d92e1a65df59d7365942') in 14.614149 seconds 
  Import took 14.619919 seconds .

========================================================================
Received Import Request.
  Time since last request: 0.000205 seconds.
  path: Assets/player-idle-1 (1) [connId=0].prefab
  artifactKey: Guid(caf1ec30bbbf5394389df72889006420) Importer(815301076,1909f56bfc062723c751e8b465ee728b)
Start importing Assets/player-idle-1 (1) [connId=0].prefab using Guid(caf1ec30bbbf5394389df72889006420) Importer(815301076,1909f56bfc062723c751e8b465ee728b)  -> (artifact id: 'b5d5461ed9fcf4a7d76217f52aeaf9fd') in 8.339114 seconds 
  Import took 8.344198 seconds .

========================================================================
Received Import Request.
  Time since last request: 0.000226 seconds.
  path: Assets/Player.prefab
  artifactKey: Guid(5da20875644034c45af9e350f6f90ff4) Importer(815301076,1909f56bfc062723c751e8b465ee728b)
Start importing Assets/Player.prefab using Guid(5da20875644034c45af9e350f6f90ff4) Importer(815301076,1909f56bfc062723c751e8b465ee728b)  -> (artifact id: 'e9e5766651d1994a15b9ea7de43a877e') in 0.026271 seconds 
  Import took 0.034700 seconds .

========================================================================
Received Import Request.
  Time since last request: 0.000219 seconds.
  path: Assets/LEFT.png
  artifactKey: Guid(d98136b28768c6042a2c41337507d205) Importer(815301076,1909f56bfc062723c751e8b465ee728b)
Start importing Assets/LEFT.png using Guid(d98136b28768c6042a2c41337507d205) Importer(815301076,1909f56bfc062723c751e8b465ee728b)  -> (artifact id: '4e932d980936ada71c4e436a87c44de9') in 0.859399 seconds 
  Import took 0.865303 seconds .

========================================================================
Received Import Request.
  Time since last request: 0.000378 seconds.
  path: Assets/cherry-1.prefab
  artifactKey: Guid(68b7acf59eea0a0418cf384fac661783) Importer(815301076,1909f56bfc062723c751e8b465ee728b)
Start importing Assets/cherry-1.prefab using Guid(68b7acf59eea0a0418cf384fac661783) Importer(815301076,1909f56bfc062723c751e8b465ee728b)  -> (artifact id: 'aa0a6f46b898d1b2015264d95e66e4b0') in 0.020602 seconds 
  Import took 0.028490 seconds .

========================================================================
Received Import Request.
  Time since last request: 1129.716044 seconds.
  path: Assets/Scenes/hehe.unity
  artifactKey: Guid(ee15a114ab6ee4a4585bf93f05301295) Importer(815301076,1909f56bfc062723c751e8b465ee728b)
Start importing Assets/Scenes/hehe.unity using Guid(ee15a114ab6ee4a4585bf93f05301295) Importer(815301076,1909f56bfc062723c751e8b465ee728b)  -> (artifact id: 'aa0c63b41f15e792acefcbd16e707b7e') in 0.008767 seconds 
  Import took 0.015678 seconds .

========================================================================
Received Import Request.
  Time since last request: 0.048181 seconds.
  path: Assets/Scenes/hehe.unity
  artifactKey: Guid(ee15a114ab6ee4a4585bf93f05301295) Importer(815301076,1909f56bfc062723c751e8b465ee728b)
Start importing Assets/Scenes/hehe.unity using Guid(ee15a114ab6ee4a4585bf93f05301295) Importer(815301076,1909f56bfc062723c751e8b465ee728b)  -> (artifact id: 'aa0c63b41f15e792acefcbd16e707b7e') in 0.003349 seconds 
  Import took 0.009336 seconds .

========================================================================
Received Import Request.
  Time since last request: 7725.692455 seconds.
  path: Assets/Scenes/Loading.unity
  artifactKey: Guid(b9d292a434d5ff94aa124e1f4f2b42db) Importer(815301076,1909f56bfc062723c751e8b465ee728b)
Start importing Assets/Scenes/Loading.unity using Guid(b9d292a434d5ff94aa124e1f4f2b42db) Importer(815301076,1909f56bfc062723c751e8b465ee728b)  -> (artifact id: '838b0c3afa4fe6db125481f8b2c23ede') in 0.013401 seconds 
  Import took 0.022014 seconds .

