Using pre-set license
Built from '2020.3/staging' branch; Version is '2020.3.13f1 (71691879b7f5) revision 7432472'; Using compiler version '192528614'; Build Type 'Release'
OS: 'Windows 10 Home Single Language; OS build 18363.1556; Version 1909; 64bit' Language: 'en' Physical Memory: 8060 MB
BatchMode: 1, IsHumanControllingUs: 0, StartBugReporterOnCrash: 0, Is64bit: 1, IsPro: 0

 COMMAND LINE ARGUMENTS:
C:\Program Files\Unity\Hub\Editor\2020.3.13f1\Editor\Unity.exe
-adb2
-batchMode
-noUpm
-name
AssetImportWorker5
-projectPath
C:/Users/user/Dropbox/My PC (LAPTOP-GMKIDTSF)/Documents/GitHub/ThesisTry
-logFile
Logs/AssetImportWorker5.log
-srvPort
61280
Successfully changed project path to: C:/Users/user/Dropbox/My PC (LAPTOP-GMKIDTSF)/Documents/GitHub/ThesisTry
C:/Users/user/Dropbox/My PC (LAPTOP-GMKIDTSF)/Documents/GitHub/ThesisTry
Using Asset Import Pipeline V2.
Refreshing native plugins compatible for Editor in 61.25 ms, found 3 plugins.
Preloading 0 native plugins for Editor in 0.00 ms.
Initialize engine version: 2020.3.13f1 (71691879b7f5)
[Subsystems] Discovering subsystems at path C:/Program Files/Unity/Hub/Editor/2020.3.13f1/Editor/Data/Resources/UnitySubsystems
[Subsystems] Discovering subsystems at path C:/Users/user/Dropbox/My PC (LAPTOP-GMKIDTSF)/Documents/GitHub/ThesisTry/Assets
GfxDevice: creating device client; threaded=0
Direct3D:
    Version:  Direct3D 11.0 [level 11.1]
    Renderer: NVIDIA GeForce GTX 1650 (ID=0x1f99)
    Vendor:   
    VRAM:     3962 MB
    Driver:   27.21.14.5709
Initialize mono
Mono path[0] = 'C:/Program Files/Unity/Hub/Editor/2020.3.13f1/Editor/Data/Managed'
Mono path[1] = 'C:/Program Files/Unity/Hub/Editor/2020.3.13f1/Editor/Data/MonoBleedingEdge/lib/mono/unityjit'
Mono config path = 'C:/Program Files/Unity/Hub/Editor/2020.3.13f1/Editor/Data/MonoBleedingEdge/etc'
Using monoOptions --debugger-agent=transport=dt_socket,embedding=1,server=y,suspend=n,address=127.0.0.1:56848
Begin MonoManager ReloadAssembly
Registering precompiled unity dll's ...
Register platform support module: C:/Program Files/Unity/Hub/Editor/2020.3.13f1/Editor/Data/PlaybackEngines/WebGLSupport/UnityEditor.WebGL.Extensions.dll
Register platform support module: C:/Program Files/Unity/Hub/Editor/2020.3.13f1/Editor/Data/PlaybackEngines/WindowsStandaloneSupport/UnityEditor.WindowsStandalone.Extensions.dll
Registered in 0.002286 seconds.
Native extension for WindowsStandalone target not found
Native extension for WebGL target not found
Refreshing native plugins compatible for Editor in 58.34 ms, found 3 plugins.
Preloading 0 native plugins for Editor in 0.00 ms.
Mono: successfully reloaded assembly
- Completed reload, in  1.771 seconds
Platform modules already initialized, skipping
Registering precompiled user dll's ...
Registered in 0.007797 seconds.
Begin MonoManager ReloadAssembly
Native extension for WindowsStandalone target not found
Native extension for WebGL target not found
Refreshing native plugins compatible for Editor in 56.18 ms, found 3 plugins.
Preloading 0 native plugins for Editor in 0.00 ms.
Find all reader and writers took 128 milliseconds
Script Module: UnityEngine.UI.dll
Weave behaviours and messages took 96 milliseconds
Find all reader and writers took 86 milliseconds
Script Module: UnityEngine.TestRunner.dll
Weave behaviours and messages took 19 milliseconds
Find all reader and writers took 83 milliseconds
Script Module: Unity.Mathematics.dll
Weave behaviours and messages took 149 milliseconds
Find all reader and writers took 82 milliseconds
Script Module: SimpleWebTransport.dll
Weave behaviours and messages took 6 milliseconds
Find all reader and writers took 86 milliseconds
Script Module: PhotonUnityNetworking.Demos.dll
Weave behaviours and messages took 145 milliseconds
Find all reader and writers took 82 milliseconds
Script Module: Unity.2D.Animation.Runtime.dll
Weave behaviours and messages took 5 milliseconds
Find all reader and writers took 135 milliseconds
Script Module: Unity.TextMeshPro.dll
Weave behaviours and messages took 65 milliseconds
Find all reader and writers took 81 milliseconds
Script Module: Cinemachine.dll
Weave behaviours and messages took 35 milliseconds
Find all reader and writers took 84 milliseconds
Script Module: Unity.Timeline.dll
Weave behaviours and messages took 21 milliseconds
Find all reader and writers took 262 milliseconds
Script Module: Unity.Notifications.Android.dll
Weave behaviours and messages took 2 milliseconds
Find all reader and writers took 99 milliseconds
Script Module: PhotonRealtime.dll
Weave behaviours and messages took 15 milliseconds
Find all reader and writers took 79 milliseconds
Script Module: Telepathy.dll
Weave behaviours and messages took 2 milliseconds
Find all reader and writers took 84 milliseconds
Script Module: Unity.2D.SpriteShape.Runtime.dll
Weave behaviours and messages took 42 milliseconds
Find all reader and writers took 84 milliseconds
Script Module: PhotonUnityNetworking.dll
Weave behaviours and messages took 15 milliseconds
Find all reader and writers took 97 milliseconds
Script Module: PhotonUnityNetworking.Utilities.dll
Weave behaviours and messages took 14 milliseconds
Find all reader and writers took 84 milliseconds
Script Module: Unity.2D.Animation.Triangle.Runtime.dll
Weave behaviours and messages took 29 milliseconds
Find all reader and writers took 97 milliseconds
Script Module: Assembly-CSharp-firstpass.dll
Weave behaviours and messages took 2 milliseconds
Find all reader and writers took 84 milliseconds
Script Module: Unity.Notifications.iOS.dll
Weave behaviours and messages took 2 milliseconds
Find all reader and writers took 84 milliseconds
Script Module: Unity.2D.PixelPerfect.dll
Weave behaviours and messages took 1 milliseconds
Find all reader and writers took 83 milliseconds
Script Module: Unity.2D.IK.Runtime.dll
Weave behaviours and messages took 4 milliseconds
Find all reader and writers took 83 milliseconds
Script Module: PhotonChat.dll
Weave behaviours and messages took 4 milliseconds
Find all reader and writers took 83 milliseconds
Script Module: kcp2k.dll
Weave behaviours and messages took 5 milliseconds
Find all reader and writers took 83 milliseconds
Script Module: where-allocations.dll
Weave behaviours and messages took 0 milliseconds
Find all reader and writers took 81 milliseconds
Script Module: Unity.2D.Common.Runtime.dll
Weave behaviours and messages took 0 milliseconds
Find all reader and writers took 81 milliseconds
Script Module: Unity.InternalAPIEngineBridge.001.dll
Weave behaviours and messages took 0 milliseconds
Find all reader and writers took 117 milliseconds
Script Module: com.unity.cinemachine.editor.dll
Weave behaviours and messages took 30 milliseconds
Find all reader and writers took 109 milliseconds
Script Module: UnityEditor.TestRunner.dll
Weave behaviours and messages took 34 milliseconds
Find all reader and writers took 103 milliseconds
Script Module: ParrelSync.dll
Weave behaviours and messages took 2 milliseconds
Find all reader and writers took 90 milliseconds
Script Module: PsdPlugin.dll
Weave behaviours and messages took 13 milliseconds
Find all reader and writers took 102 milliseconds
Script Module: Unity.Notifications.dll
Weave behaviours and messages took 2 milliseconds
Find all reader and writers took 89 milliseconds
Script Module: Mirror.CompilerSymbols.dll
Weave behaviours and messages took 0 milliseconds
Find all reader and writers took 103 milliseconds
Script Module: UnityEditor.UI.dll
Weave behaviours and messages took 9 milliseconds
Find all reader and writers took 101 milliseconds
Script Module: PunDemos.DemoSlotcarEditor.dll
Weave behaviours and messages took 0 milliseconds
Find all reader and writers took 137 milliseconds
Script Module: PunDemos.DemoHubEditor.dll
Weave behaviours and messages took 0 milliseconds
Find all reader and writers took 106 milliseconds
Script Module: Unity.InternalAPIEditorBridge.001.dll
Weave behaviours and messages took 0 milliseconds
Mono: successfully reloaded assembly
- Completed reload, in 19.137 seconds
Platform modules already initialized, skipping
========================================================================
Worker process is ready to serve import requests
Launched and connected shader compiler UnityShaderCompiler.exe after 0.34 seconds
Refreshing native plugins compatible for Editor in 0.73 ms, found 3 plugins.
Preloading 0 native plugins for Editor in 0.00 ms.
Unloading 2858 Unused Serialized files (Serialized files now loaded: 0)
System memory in use before: 118.8 MB.
System memory in use after: 119.0 MB.

Unloading 53 unused Assets to reduce memory usage. Loaded Objects now: 3273.
Total: 141.590000 ms (FindLiveObjects: 0.394500 ms CreateObjectMapping: 0.191900 ms MarkObjects: 140.875000 ms  DeleteObjects: 0.125800 ms)

AssetImportParameters requested are different than current active one (requested -> active):
  custom:framework-win-MediaFoundation: 216162199b28c13a410421893ffa2e32 -> 
  custom:video-decoder-ogg-theora: a1e56fd34408186e4bbccfd4996cb3dc -> 
  custom:container-muxer-webm: aa71ff27fc2769a1b78a27578f13a17b -> 
  custom:container-demuxer-webm: 4f35f7cbe854078d1ac9338744f61a02 -> 
  custom:container-demuxer-ogg: 62fdf1f143b41e24485cea50d1cbac27 -> 
  custom:video-encoder-webm-vp8: eb34c28f22e8b96e1ab97ce403110664 -> 
  custom:video-codec-MediaFoundation-h265: 746d11721c4dcdbdad8f713fa42b33f4 -> 
  custom:video-decoder-webm-vp8: 9c59270c3fd7afecdb556c50c9e8de78 -> 
  custom:audio-decoder-ogg-vorbis: bf7c407c2cedff20999df2af8eb42d56 -> 
  custom:audio-encoder-webm-vorbis: bf7c407c2cedff20999df2af8eb42d56 -> 
========================================================================
Received Import Request.
  path: Assets/BasicWeapon.asset
  artifactKey: Guid(4814890088232a84eb01594cda0de8bb) Importer(815301076,1909f56bfc062723c751e8b465ee728b)
Start importing Assets/BasicWeapon.asset using Guid(4814890088232a84eb01594cda0de8bb) Importer(815301076,1909f56bfc062723c751e8b465ee728b)  -> (artifact id: '6e7a2be09ca85bec12687590c235de7e') in 0.094215 seconds 
  Import took 0.098336 seconds .

========================================================================
Received Import Request.
  Time since last request: 0.000281 seconds.
  path: Assets/RIGHT.jpg
  artifactKey: Guid(881983125db2c6f4bb6f2dcf3e11b8a7) Importer(815301076,1909f56bfc062723c751e8b465ee728b)
Start importing Assets/RIGHT.jpg using Guid(881983125db2c6f4bb6f2dcf3e11b8a7) Importer(815301076,1909f56bfc062723c751e8b465ee728b)  -> (artifact id: 'd79abed4f1d8d92e1a65df59d7365942') in 0.992299 seconds 
  Import took 0.996335 seconds .

========================================================================
Received Import Request.
  Time since last request: 0.000218 seconds.
  path: Assets/player-idle-1 (1) [connId=0].prefab
  artifactKey: Guid(caf1ec30bbbf5394389df72889006420) Importer(815301076,1909f56bfc062723c751e8b465ee728b)
Start importing Assets/player-idle-1 (1) [connId=0].prefab using Guid(caf1ec30bbbf5394389df72889006420) Importer(815301076,1909f56bfc062723c751e8b465ee728b)  -> (artifact id: 'b5d5461ed9fcf4a7d76217f52aeaf9fd') in 0.703893 seconds 
  Import took 0.708227 seconds .

========================================================================
Received Import Request.
  Time since last request: 0.000241 seconds.
  path: Assets/Player.prefab
  artifactKey: Guid(5da20875644034c45af9e350f6f90ff4) Importer(815301076,1909f56bfc062723c751e8b465ee728b)
Start importing Assets/Player.prefab using Guid(5da20875644034c45af9e350f6f90ff4) Importer(815301076,1909f56bfc062723c751e8b465ee728b)  -> (artifact id: 'e9e5766651d1994a15b9ea7de43a877e') in 0.069410 seconds 
  Import took 0.074030 seconds .

========================================================================
Received Import Request.
  Time since last request: 0.000220 seconds.
  path: Assets/LEFT.png
  artifactKey: Guid(d98136b28768c6042a2c41337507d205) Importer(815301076,1909f56bfc062723c751e8b465ee728b)
Start importing Assets/LEFT.png using Guid(d98136b28768c6042a2c41337507d205) Importer(815301076,1909f56bfc062723c751e8b465ee728b)  -> (artifact id: '4e932d980936ada71c4e436a87c44de9') in 0.129491 seconds 
  Import took 0.133428 seconds .

========================================================================
Received Import Request.
  Time since last request: 0.000202 seconds.
  path: Assets/Ziandaplin.jpeg
  artifactKey: Guid(7a1d4c417b85da245bef70a4703a3e50) Importer(815301076,1909f56bfc062723c751e8b465ee728b)
Start importing Assets/Ziandaplin.jpeg using Guid(7a1d4c417b85da245bef70a4703a3e50) Importer(815301076,1909f56bfc062723c751e8b465ee728b)  -> (artifact id: '1e059f5d8542de9654eb6c2555f6e304') in 0.157049 seconds 
  Import took 0.160915 seconds .

========================================================================
Received Import Request.
  Time since last request: 0.000195 seconds.
  path: Assets/cherry-1.prefab
  artifactKey: Guid(68b7acf59eea0a0418cf384fac661783) Importer(815301076,1909f56bfc062723c751e8b465ee728b)
Start importing Assets/cherry-1.prefab using Guid(68b7acf59eea0a0418cf384fac661783) Importer(815301076,1909f56bfc062723c751e8b465ee728b)  -> (artifact id: 'aa0a6f46b898d1b2015264d95e66e4b0') in 0.013033 seconds 
  Import took 0.018101 seconds .

========================================================================
Received Import Request.
  Time since last request: 81.084403 seconds.
  path: Assets/Scenes/SampleScene.unity
  artifactKey: Guid(2cda990e2423bbf4892e6590ba056729) Importer(815301076,1909f56bfc062723c751e8b465ee728b)
Start importing Assets/Scenes/SampleScene.unity using Guid(2cda990e2423bbf4892e6590ba056729) Importer(815301076,1909f56bfc062723c751e8b465ee728b)  -> (artifact id: 'd1e107272e690922bfe3d3acec9fd907') in 0.069458 seconds 
  Import took 0.074512 seconds .

========================================================================
Received Import Request.
  Time since last request: 0.853679 seconds.
  path: Assets/Scenes/SampleScene.unity
  artifactKey: Guid(2cda990e2423bbf4892e6590ba056729) Importer(815301076,1909f56bfc062723c751e8b465ee728b)
Start importing Assets/Scenes/SampleScene.unity using Guid(2cda990e2423bbf4892e6590ba056729) Importer(815301076,1909f56bfc062723c751e8b465ee728b)  -> (artifact id: 'd1e107272e690922bfe3d3acec9fd907') in 0.002648 seconds 
  Import took 0.007053 seconds .

========================================================================
Received Import Request.
  Time since last request: 91.577036 seconds.
  path: Assets/Scenes
  artifactKey: Guid(bbbc74fad6ed1d243aee6102298f428b) Importer(815301076,1909f56bfc062723c751e8b465ee728b)
Start importing Assets/Scenes using Guid(bbbc74fad6ed1d243aee6102298f428b) Importer(815301076,1909f56bfc062723c751e8b465ee728b)  -> (artifact id: 'e5dbec696193c38863c4c41fa5f72bd9') in 0.006034 seconds 
  Import took 0.010819 seconds .

========================================================================
Received Import Request.
  Time since last request: 0.020132 seconds.
  path: Assets/Scenes
  artifactKey: Guid(bbbc74fad6ed1d243aee6102298f428b) Importer(815301076,1909f56bfc062723c751e8b465ee728b)
Start importing Assets/Scenes using Guid(bbbc74fad6ed1d243aee6102298f428b) Importer(815301076,1909f56bfc062723c751e8b465ee728b)  -> (artifact id: 'e5dbec696193c38863c4c41fa5f72bd9') in 0.002192 seconds 
  Import took 0.006636 seconds .

========================================================================
Received Prepare
Registering precompiled user dll's ...
Registered in 0.117169 seconds.
