Using pre-set license
Built from '2020.3/staging' branch; Version is '2020.3.13f1 (71691879b7f5) revision 7432472'; Using compiler version '192528614'; Build Type 'Release'
OS: 'Windows 10 Home Single Language; OS build 19042.1165; Version 2009; 64bit' Language: 'en' Physical Memory: 8077 MB
BatchMode: 1, IsHumanControllingUs: 0, StartBugReporterOnCrash: 0, Is64bit: 1, IsPro: 0

 COMMAND LINE ARGUMENTS:
C:\Program Files\Unity\Hub\Editor\2020.3.13f1\Editor\Unity.exe
-adb2
-batchMode
-noUpm
-name
AssetImportWorker2
-projectPath
C:/Users/NeeN/ThesisTry
-logFile
Logs/AssetImportWorker2.log
-srvPort
58404
Successfully changed project path to: C:/Users/NeeN/ThesisTry
C:/Users/NeeN/ThesisTry
Using Asset Import Pipeline V2.
Refreshing native plugins compatible for Editor in 82.55 ms, found 3 plugins.
Preloading 0 native plugins for Editor in 0.00 ms.
Initialize engine version: 2020.3.13f1 (71691879b7f5)
[Subsystems] Discovering subsystems at path C:/Program Files/Unity/Hub/Editor/2020.3.13f1/Editor/Data/Resources/UnitySubsystems
[Subsystems] Discovering subsystems at path C:/Users/NeeN/ThesisTry/Assets
GfxDevice: creating device client; threaded=0
Direct3D:
    Version:  Direct3D 11.0 [level 11.0]
    Renderer: NVIDIA GeForce 940MX (ID=0x134d)
    Vendor:   
    VRAM:     2010 MB
    Driver:   27.21.14.6109
Initialize mono
Mono path[0] = 'C:/Program Files/Unity/Hub/Editor/2020.3.13f1/Editor/Data/Managed'
Mono path[1] = 'C:/Program Files/Unity/Hub/Editor/2020.3.13f1/Editor/Data/MonoBleedingEdge/lib/mono/unityjit'
Mono config path = 'C:/Program Files/Unity/Hub/Editor/2020.3.13f1/Editor/Data/MonoBleedingEdge/etc'
Using monoOptions --debugger-agent=transport=dt_socket,embedding=1,server=y,suspend=n,address=127.0.0.1:56856
Begin MonoManager ReloadAssembly
Registering precompiled unity dll's ...
Register platform support module: C:/Program Files/Unity/Hub/Editor/2020.3.13f1/Editor/Data/PlaybackEngines/WebGLSupport/UnityEditor.WebGL.Extensions.dll
Register platform support module: C:/Program Files/Unity/Hub/Editor/2020.3.13f1/Editor/Data/PlaybackEngines/WindowsStandaloneSupport/UnityEditor.WindowsStandalone.Extensions.dll
Registered in 0.002706 seconds.
Native extension for WindowsStandalone target not found
Native extension for WebGL target not found
Refreshing native plugins compatible for Editor in 84.48 ms, found 3 plugins.
Preloading 0 native plugins for Editor in 0.00 ms.
Mono: successfully reloaded assembly
- Completed reload, in  2.485 seconds
Platform modules already initialized, skipping
Registering precompiled user dll's ...
Registered in 0.012926 seconds.
Begin MonoManager ReloadAssembly
Native extension for WindowsStandalone target not found
Native extension for WebGL target not found
Refreshing native plugins compatible for Editor in 71.60 ms, found 3 plugins.
Preloading 0 native plugins for Editor in 0.00 ms.
Find all reader and writers took 136 milliseconds
Script Module: UnityEngine.UI.dll
Weave behaviours and messages took 92 milliseconds
Find all reader and writers took 102 milliseconds
Script Module: UnityEngine.TestRunner.dll
Weave behaviours and messages took 20 milliseconds
Find all reader and writers took 108 milliseconds
Script Module: Unity.Mathematics.dll
Weave behaviours and messages took 206 milliseconds
Find all reader and writers took 103 milliseconds
Script Module: SimpleWebTransport.dll
Weave behaviours and messages took 9 milliseconds
Find all reader and writers took 117 milliseconds
Script Module: PhotonUnityNetworking.Demos.dll
Weave behaviours and messages took 34 milliseconds
Find all reader and writers took 106 milliseconds
Script Module: Unity.2D.Animation.Runtime.dll
Weave behaviours and messages took 9 milliseconds
Find all reader and writers took 133 milliseconds
Script Module: Unity.TextMeshPro.dll
Weave behaviours and messages took 88 milliseconds
Find all reader and writers took 106 milliseconds
Script Module: Cinemachine.dll
Weave behaviours and messages took 50 milliseconds
Find all reader and writers took 103 milliseconds
Script Module: Unity.Timeline.dll
Weave behaviours and messages took 32 milliseconds
Find all reader and writers took 108 milliseconds
Script Module: Unity.Notifications.Android.dll
Weave behaviours and messages took 2 milliseconds
Find all reader and writers took 115 milliseconds
Script Module: PhotonRealtime.dll
Weave behaviours and messages took 28 milliseconds
Find all reader and writers took 111 milliseconds
Script Module: Telepathy.dll
Weave behaviours and messages took 5 milliseconds
Find all reader and writers took 107 milliseconds
Script Module: Unity.2D.SpriteShape.Runtime.dll
Weave behaviours and messages took 23 milliseconds
Find all reader and writers took 103 milliseconds
Script Module: PhotonUnityNetworking.dll
Weave behaviours and messages took 32 milliseconds
Find all reader and writers took 129 milliseconds
Script Module: PhotonUnityNetworking.Utilities.dll
Weave behaviours and messages took 18 milliseconds
Find all reader and writers took 102 milliseconds
Script Module: Unity.2D.Animation.Triangle.Runtime.dll
Weave behaviours and messages took 37 milliseconds
Find all reader and writers took 120 milliseconds
Script Module: Assembly-CSharp-firstpass.dll
Weave behaviours and messages took 3 milliseconds
Find all reader and writers took 103 milliseconds
Script Module: Unity.Notifications.iOS.dll
Weave behaviours and messages took 2 milliseconds
Find all reader and writers took 105 milliseconds
Script Module: Unity.2D.PixelPerfect.dll
Weave behaviours and messages took 1 milliseconds
Find all reader and writers took 104 milliseconds
Script Module: Unity.2D.IK.Runtime.dll
Weave behaviours and messages took 3 milliseconds
Find all reader and writers took 103 milliseconds
Script Module: PhotonChat.dll
Weave behaviours and messages took 3 milliseconds
Find all reader and writers took 109 milliseconds
Script Module: kcp2k.dll
Weave behaviours and messages took 4 milliseconds
Find all reader and writers took 101 milliseconds
Script Module: where-allocations.dll
Weave behaviours and messages took 0 milliseconds
Find all reader and writers took 104 milliseconds
Script Module: Unity.2D.Common.Runtime.dll
Weave behaviours and messages took 0 milliseconds
Find all reader and writers took 110 milliseconds
Script Module: Unity.InternalAPIEngineBridge.001.dll
Weave behaviours and messages took 0 milliseconds
Find all reader and writers took 179 milliseconds
Script Module: com.unity.cinemachine.editor.dll
Weave behaviours and messages took 40 milliseconds
Find all reader and writers took 141 milliseconds
Script Module: UnityEditor.TestRunner.dll
Weave behaviours and messages took 44 milliseconds
Find all reader and writers took 127 milliseconds
Script Module: ParrelSync.dll
Weave behaviours and messages took 4 milliseconds
Find all reader and writers took 107 milliseconds
Script Module: PsdPlugin.dll
Weave behaviours and messages took 17 milliseconds
Find all reader and writers took 126 milliseconds
Script Module: Unity.Notifications.dll
Weave behaviours and messages took 5 milliseconds
Find all reader and writers took 109 milliseconds
Script Module: Mirror.CompilerSymbols.dll
Weave behaviours and messages took 0 milliseconds
Find all reader and writers took 131 milliseconds
Script Module: UnityEditor.UI.dll
Weave behaviours and messages took 12 milliseconds
Find all reader and writers took 131 milliseconds
Script Module: PunDemos.DemoSlotcarEditor.dll
Weave behaviours and messages took 2 milliseconds
Find all reader and writers took 114 milliseconds
Script Module: PunDemos.DemoHubEditor.dll
Weave behaviours and messages took 0 milliseconds
Find all reader and writers took 130 milliseconds
Script Module: Unity.InternalAPIEditorBridge.001.dll
Weave behaviours and messages took 2 milliseconds
Mono: successfully reloaded assembly
- Completed reload, in 13.887 seconds
Platform modules already initialized, skipping
========================================================================
Worker process is ready to serve import requests
Launched and connected shader compiler UnityShaderCompiler.exe after 0.18 seconds
Refreshing native plugins compatible for Editor in 0.87 ms, found 3 plugins.
Preloading 0 native plugins for Editor in 0.00 ms.
Unloading 2859 Unused Serialized files (Serialized files now loaded: 0)
System memory in use before: 119.0 MB.
System memory in use after: 119.2 MB.

Unloading 53 unused Assets to reduce memory usage. Loaded Objects now: 3275.
Total: 3.843000 ms (FindLiveObjects: 0.299100 ms CreateObjectMapping: 0.145200 ms MarkObjects: 3.317200 ms  DeleteObjects: 0.080400 ms)

AssetImportParameters requested are different than current active one (requested -> active):
  custom:framework-win-MediaFoundation: 216162199b28c13a410421893ffa2e32 -> 
  custom:video-decoder-ogg-theora: a1e56fd34408186e4bbccfd4996cb3dc -> 
  custom:container-muxer-webm: aa71ff27fc2769a1b78a27578f13a17b -> 
  custom:container-demuxer-webm: 4f35f7cbe854078d1ac9338744f61a02 -> 
  custom:container-demuxer-ogg: 62fdf1f143b41e24485cea50d1cbac27 -> 
  custom:video-encoder-webm-vp8: eb34c28f22e8b96e1ab97ce403110664 -> 
  custom:video-decoder-webm-vp8: 9c59270c3fd7afecdb556c50c9e8de78 -> 
  custom:audio-decoder-ogg-vorbis: bf7c407c2cedff20999df2af8eb42d56 -> 
  custom:audio-encoder-webm-vorbis: bf7c407c2cedff20999df2af8eb42d56 -> 
========================================================================
Received Import Request.
  path: Assets/Scenes/SampleScene.unity
  artifactKey: Guid(2cda990e2423bbf4892e6590ba056729) Importer(815301076,1909f56bfc062723c751e8b465ee728b)
Start importing Assets/Scenes/SampleScene.unity using Guid(2cda990e2423bbf4892e6590ba056729) Importer(815301076,1909f56bfc062723c751e8b465ee728b)  -> (artifact id: 'bc97f0cb321ea62f9f51c967867d65dd') in 0.119356 seconds 
  Import took 0.250314 seconds .

