Using pre-set license
Built from '2020.3/staging' branch; Version is '2020.3.13f1 (71691879b7f5) revision 7432472'; Using compiler version '192528614'; Build Type 'Release'
OS: 'Windows 10 Home Single Language; OS build 19042.1110; Version 2009; 64bit' Language: 'en' Physical Memory: 8077 MB
BatchMode: 1, IsHumanControllingUs: 0, StartBugReporterOnCrash: 0, Is64bit: 1, IsPro: 0

 COMMAND LINE ARGUMENTS:
C:\Program Files\Unity\Hub\Editor\2020.3.13f1\Editor\Unity.exe
-adb2
-batchMode
-noUpm
-name
AssetImportWorker4
-projectPath
C:/Users/NeeN/ThesisTry
-logFile
Logs/AssetImportWorker4.log
-srvPort
52484
Successfully changed project path to: C:/Users/NeeN/ThesisTry
C:/Users/NeeN/ThesisTry
Using Asset Import Pipeline V2.
Refreshing native plugins compatible for Editor in 79.80 ms, found 3 plugins.
Preloading 0 native plugins for Editor in 0.00 ms.
Initialize engine version: 2020.3.13f1 (71691879b7f5)
[Subsystems] Discovering subsystems at path C:/Program Files/Unity/Hub/Editor/2020.3.13f1/Editor/Data/Resources/UnitySubsystems
[Subsystems] Discovering subsystems at path C:/Users/NeeN/ThesisTry/Assets
GfxDevice: creating device client; threaded=0
Direct3D:
    Version:  Direct3D 11.0 [level 11.0]
    Renderer: NVIDIA GeForce 940MX (ID=0x134d)
    Vendor:   
    VRAM:     2010 MB
    Driver:   27.21.14.6109
Initialize mono
Mono path[0] = 'C:/Program Files/Unity/Hub/Editor/2020.3.13f1/Editor/Data/Managed'
Mono path[1] = 'C:/Program Files/Unity/Hub/Editor/2020.3.13f1/Editor/Data/MonoBleedingEdge/lib/mono/unityjit'
Mono config path = 'C:/Program Files/Unity/Hub/Editor/2020.3.13f1/Editor/Data/MonoBleedingEdge/etc'
Using monoOptions --debugger-agent=transport=dt_socket,embedding=1,server=y,suspend=n,address=127.0.0.1:56624
Begin MonoManager ReloadAssembly
Registering precompiled unity dll's ...
Register platform support module: C:/Program Files/Unity/Hub/Editor/2020.3.13f1/Editor/Data/PlaybackEngines/WebGLSupport/UnityEditor.WebGL.Extensions.dll
Register platform support module: C:/Program Files/Unity/Hub/Editor/2020.3.13f1/Editor/Data/PlaybackEngines/WindowsStandaloneSupport/UnityEditor.WindowsStandalone.Extensions.dll
Registered in 0.002776 seconds.
Native extension for WindowsStandalone target not found
Native extension for WebGL target not found
Refreshing native plugins compatible for Editor in 72.49 ms, found 3 plugins.
Preloading 0 native plugins for Editor in 0.00 ms.
Mono: successfully reloaded assembly
- Completed reload, in  2.425 seconds
Platform modules already initialized, skipping
Registering precompiled user dll's ...
Registered in 0.009340 seconds.
Begin MonoManager ReloadAssembly
Native extension for WindowsStandalone target not found
Native extension for WebGL target not found
Refreshing native plugins compatible for Editor in 71.43 ms, found 3 plugins.
Preloading 0 native plugins for Editor in 0.00 ms.
Find all reader and writers took 132 milliseconds
Script Module: UnityEngine.UI.dll
Weave behaviours and messages took 82 milliseconds
Find all reader and writers took 99 milliseconds
Script Module: UnityEngine.TestRunner.dll
Weave behaviours and messages took 28 milliseconds
Find all reader and writers took 111 milliseconds
Script Module: Unity.Mathematics.dll
Weave behaviours and messages took 208 milliseconds
Find all reader and writers took 96 milliseconds
Script Module: SimpleWebTransport.dll
Weave behaviours and messages took 6 milliseconds
Find all reader and writers took 100 milliseconds
Script Module: PhotonUnityNetworking.Demos.dll
Weave behaviours and messages took 32 milliseconds
Find all reader and writers took 111 milliseconds
Script Module: Unity.2D.Animation.Runtime.dll
Weave behaviours and messages took 10 milliseconds
Find all reader and writers took 132 milliseconds
Script Module: Unity.TextMeshPro.dll
Weave behaviours and messages took 87 milliseconds
Find all reader and writers took 114 milliseconds
Script Module: Cinemachine.dll
Weave behaviours and messages took 45 milliseconds
Find all reader and writers took 106 milliseconds
Script Module: Unity.Timeline.dll
Weave behaviours and messages took 32 milliseconds
Find all reader and writers took 111 milliseconds
Script Module: Unity.Notifications.Android.dll
Weave behaviours and messages took 3 milliseconds
Find all reader and writers took 130 milliseconds
Script Module: PhotonRealtime.dll
Weave behaviours and messages took 21 milliseconds
Find all reader and writers took 100 milliseconds
Script Module: Telepathy.dll
Weave behaviours and messages took 5 milliseconds
Find all reader and writers took 127 milliseconds
Script Module: Unity.2D.SpriteShape.Runtime.dll
Weave behaviours and messages took 26 milliseconds
Find all reader and writers took 114 milliseconds
Script Module: PhotonUnityNetworking.dll
Weave behaviours and messages took 25 milliseconds
