Using pre-set license
Built from '2020.3/staging' branch; Version is '2020.3.13f1 (71691879b7f5) revision 7432472'; Using compiler version '192528614'; Build Type 'Release'
OS: 'Windows 10 Home Single Language; OS build 19042.1165; Version 2009; 64bit' Language: 'en' Physical Memory: 8077 MB
BatchMode: 1, IsHumanControllingUs: 0, StartBugReporterOnCrash: 0, Is64bit: 1, IsPro: 0

 COMMAND LINE ARGUMENTS:
C:\Program Files\Unity\Hub\Editor\2020.3.13f1\Editor\Unity.exe
-adb2
-batchMode
-noUpm
-name
AssetImportWorker1
-projectPath
C:/Users/NeeN/ThesisTry
-logFile
Logs/AssetImportWorker1.log
-srvPort
58404
Successfully changed project path to: C:/Users/NeeN/ThesisTry
C:/Users/NeeN/ThesisTry
Using Asset Import Pipeline V2.
Refreshing native plugins compatible for Editor in 83.55 ms, found 3 plugins.
Preloading 0 native plugins for Editor in 0.00 ms.
Initialize engine version: 2020.3.13f1 (71691879b7f5)
[Subsystems] Discovering subsystems at path C:/Program Files/Unity/Hub/Editor/2020.3.13f1/Editor/Data/Resources/UnitySubsystems
[Subsystems] Discovering subsystems at path C:/Users/NeeN/ThesisTry/Assets
GfxDevice: creating device client; threaded=0
Direct3D:
    Version:  Direct3D 11.0 [level 11.0]
    Renderer: NVIDIA GeForce 940MX (ID=0x134d)
    Vendor:   
    VRAM:     2010 MB
    Driver:   27.21.14.6109
Initialize mono
Mono path[0] = 'C:/Program Files/Unity/Hub/Editor/2020.3.13f1/Editor/Data/Managed'
Mono path[1] = 'C:/Program Files/Unity/Hub/Editor/2020.3.13f1/Editor/Data/MonoBleedingEdge/lib/mono/unityjit'
Mono config path = 'C:/Program Files/Unity/Hub/Editor/2020.3.13f1/Editor/Data/MonoBleedingEdge/etc'
Using monoOptions --debugger-agent=transport=dt_socket,embedding=1,server=y,suspend=n,address=127.0.0.1:56868
Begin MonoManager ReloadAssembly
Registering precompiled unity dll's ...
Register platform support module: C:/Program Files/Unity/Hub/Editor/2020.3.13f1/Editor/Data/PlaybackEngines/WebGLSupport/UnityEditor.WebGL.Extensions.dll
Register platform support module: C:/Program Files/Unity/Hub/Editor/2020.3.13f1/Editor/Data/PlaybackEngines/WindowsStandaloneSupport/UnityEditor.WindowsStandalone.Extensions.dll
Registered in 0.002972 seconds.
Native extension for WindowsStandalone target not found
Native extension for WebGL target not found
Refreshing native plugins compatible for Editor in 74.56 ms, found 3 plugins.
Preloading 0 native plugins for Editor in 0.00 ms.
Mono: successfully reloaded assembly
- Completed reload, in  2.582 seconds
Platform modules already initialized, skipping
Registering precompiled user dll's ...
Registered in 0.009964 seconds.
Begin MonoManager ReloadAssembly
Native extension for WindowsStandalone target not found
Native extension for WebGL target not found
Refreshing native plugins compatible for Editor in 69.78 ms, found 3 plugins.
Preloading 0 native plugins for Editor in 0.00 ms.
Find all reader and writers took 233 milliseconds
Script Module: UnityEngine.UI.dll
Weave behaviours and messages took 105 milliseconds
Find all reader and writers took 137 milliseconds
Script Module: UnityEngine.TestRunner.dll
Weave behaviours and messages took 22 milliseconds
Find all reader and writers took 136 milliseconds
Script Module: Unity.Mathematics.dll
Weave behaviours and messages took 255 milliseconds
Find all reader and writers took 101 milliseconds
Script Module: SimpleWebTransport.dll
Weave behaviours and messages took 9 milliseconds
Find all reader and writers took 119 milliseconds
Script Module: PhotonUnityNetworking.Demos.dll
Weave behaviours and messages took 256 milliseconds
Find all reader and writers took 116 milliseconds
Script Module: Unity.2D.Animation.Runtime.dll
Weave behaviours and messages took 12 milliseconds
Find all reader and writers took 966 milliseconds
Script Module: Unity.TextMeshPro.dll
Weave behaviours and messages took 120 milliseconds
Find all reader and writers took 135 milliseconds
Script Module: Cinemachine.dll
Weave behaviours and messages took 51 milliseconds
Find all reader and writers took 119 milliseconds
Script Module: Unity.Timeline.dll
Weave behaviours and messages took 34 milliseconds
Find all reader and writers took 254 milliseconds
Script Module: Unity.Notifications.Android.dll
Weave behaviours and messages took 7 milliseconds
Find all reader and writers took 195 milliseconds
Script Module: PhotonRealtime.dll
Weave behaviours and messages took 29 milliseconds
Find all reader and writers took 101 milliseconds
Script Module: Telepathy.dll
Weave behaviours and messages took 7 milliseconds
Find all reader and writers took 147 milliseconds
Script Module: Unity.2D.SpriteShape.Runtime.dll
Weave behaviours and messages took 108 milliseconds
Find all reader and writers took 107 milliseconds
Script Module: PhotonUnityNetworking.dll
Weave behaviours and messages took 21 milliseconds
Find all reader and writers took 147 milliseconds
Script Module: PhotonUnityNetworking.Utilities.dll
Weave behaviours and messages took 23 milliseconds
Find all reader and writers took 156 milliseconds
Script Module: Unity.2D.Animation.Triangle.Runtime.dll
Weave behaviours and messages took 79 milliseconds
Find all reader and writers took 149 milliseconds
Script Module: Assembly-CSharp-firstpass.dll
Weave behaviours and messages took 5 milliseconds
Find all reader and writers took 201 milliseconds
Script Module: Unity.Notifications.iOS.dll
Weave behaviours and messages took 7 milliseconds
Find all reader and writers took 104 milliseconds
Script Module: Unity.2D.PixelPerfect.dll
Weave behaviours and messages took 1 milliseconds
Find all reader and writers took 127 milliseconds
Script Module: Unity.2D.IK.Runtime.dll
Weave behaviours and messages took 4 milliseconds
Find all reader and writers took 119 milliseconds
Script Module: PhotonChat.dll
Weave behaviours and messages took 4 milliseconds
Find all reader and writers took 104 milliseconds
Script Module: kcp2k.dll
Weave behaviours and messages took 4 milliseconds
Find all reader and writers took 103 milliseconds
Script Module: where-allocations.dll
Weave behaviours and messages took 0 milliseconds
